<component name="libraryTable">
  <library name="junit (5)">
    <CLASSES>
      <root url="file://$PROJECT_DIR$/module24_optional/lib" />
    </CLASSES>
    <JAVADOC />
    <SOURCES />
    <jarDirectory url="file://$PROJECT_DIR$/module24_optional/lib" recursive="false" />
  </library>
</component>